2026-03-17 14:30:15,228 | INFO | app.core.logging_config | Logging configured — level=INFO file=logs/app.log
2026-03-17 14:30:15,386 | INFO | app.main | Starting GitLab KPI Dashboard API v3.0.0
2026-03-17 14:30:15,604 | INFO | app.database.init_db | ✅ Database tables created / verified successfully
2026-03-17 14:30:15,604 | INFO | app.main | Database tables initialized
2026-03-17 14:30:15,866 | INFO | app.services.scheduler.scheduler | Scheduler configured — last day of month 20:00 UTC
2026-03-17 14:30:15,868 | INFO | app.main | Scheduler started — monthly job at last day 20:00 UTC
2026-03-17 14:30:15,869 | INFO | app.main | ✅ Application ready — debug=False
2026-03-17 14:32:24,828 | INFO | app.main | Scheduler stopped
2026-03-17 14:32:24,828 | INFO | app.main | Application shutdown complete
2026-03-17 14:35:42,350 | INFO | app.core.logging_config | Logging configured — level=INFO file=logs/app.log
2026-03-17 14:35:42,565 | INFO | app.main | Starting GitLab KPI Dashboard API v3.0.0
2026-03-17 14:35:42,747 | INFO | app.database.init_db | ✅ Database tables created / verified successfully
2026-03-17 14:35:42,747 | INFO | app.main | Database tables initialized
2026-03-17 14:35:43,047 | INFO | app.services.scheduler.scheduler | Scheduler configured — last day of month 20:00 UTC
2026-03-17 14:35:43,051 | INFO | app.main | Scheduler started — monthly job at last day 20:00 UTC
2026-03-17 14:35:43,051 | INFO | app.main | ✅ Application ready — debug=False
2026-03-17 14:36:38,193 | INFO | app.api.routers.auth | Login success — user id=1 role=admin
2026-03-17 14:38:29,096 | INFO | app.api.routers.developers | Developer rejected — id=2 username=prplWareMergeBot by admin=1
2026-03-18 08:52:19,720 | INFO | app.api.routers.auth | Login success — user id=1 role=admin
2026-03-18 08:52:57,978 | INFO | app.services.admin.site_service | Site created — id=3 name=Sfax
2026-03-18 13:01:37,956 | INFO | app.api.routers.auth | Login success — user id=1 role=admin
2026-03-18 17:13:48,000 | INFO | app.main | Scheduler stopped
2026-03-18 17:13:48,008 | INFO | app.main | Application shutdown complete
2026-03-18 17:13:59,611 | INFO | app.core.logging_config | Logging configured — level=INFO file=logs/app.log
2026-03-18 17:13:59,830 | INFO | app.main | Starting GitLab KPI Dashboard API v3.0.0
2026-03-18 17:14:00,009 | INFO | app.database.init_db | ✅ Database tables created / verified successfully
2026-03-18 17:14:00,011 | INFO | app.main | Database tables initialized
2026-03-18 17:14:00,173 | INFO | app.core.seed_data | KpiDefinition seeded — code=MR_RATE_SITE
2026-03-18 17:14:00,174 | INFO | app.core.seed_data | KpiDefinition seeded — code=APPROVED_MR_RATE
2026-03-18 17:14:00,175 | INFO | app.core.seed_data | KpiDefinition seeded — code=MERGED_MR_RATE
2026-03-18 17:14:00,177 | INFO | app.core.seed_data | KpiDefinition seeded — code=COMMIT_RATE_SITE
2026-03-18 17:14:00,179 | INFO | app.core.seed_data | KpiDefinition seeded — code=NB_COMMITS_PROJECT
2026-03-18 17:14:00,181 | INFO | app.core.seed_data | KpiDefinition seeded — code=AVG_REVIEW_TIME
2026-03-18 17:14:00,183 | INFO | app.core.seed_data | KpiDefinition seeded — code=MR_RATE_TICKET
2026-03-18 17:14:00,209 | INFO | app.core.seed_data | ✅ Seeded 7 KpiDefinition(s)
2026-03-18 17:14:00,398 | INFO | app.services.scheduler.scheduler | Scheduler configured — last day of month 20:00 UTC
2026-03-18 17:14:00,403 | INFO | app.main | Scheduler started — monthly job at last day 20:00 UTC
2026-03-18 17:14:00,403 | INFO | app.main | ✅ Application ready — debug=False
2026-03-18 17:23:06,002 | INFO | app.main | Scheduler stopped
2026-03-18 17:23:06,009 | INFO | app.main | Application shutdown complete
2026-03-18 17:23:12,829 | INFO | app.core.logging_config | Logging configured — level=INFO file=logs/app.log
2026-03-18 17:23:13,072 | INFO | app.main | Starting GitLab KPI Dashboard API v3.0.0
2026-03-18 17:23:13,220 | INFO | app.database.init_db | ✅ Database tables created / verified successfully
2026-03-18 17:23:13,220 | INFO | app.main | Database tables initialized
2026-03-18 17:23:13,462 | INFO | app.services.scheduler.scheduler | Scheduler configured — last day of month 20:00 UTC
2026-03-18 17:23:13,466 | INFO | app.main | Scheduler started — monthly job at last day 20:00 UTC
2026-03-18 17:23:13,466 | INFO | app.main | ✅ Application ready — debug=False
2026-03-18 17:23:43,260 | INFO | app.main | Scheduler stopped
2026-03-18 17:23:43,261 | INFO | app.main | Application shutdown complete
2026-03-18 17:23:48,007 | INFO | app.core.logging_config | Logging configured — level=INFO file=logs/app.log
2026-03-18 17:23:48,277 | INFO | app.main | Starting GitLab KPI Dashboard API v3.0.0
2026-03-18 17:23:48,398 | INFO | app.database.init_db | ✅ Database tables created / verified successfully
2026-03-18 17:23:48,398 | INFO | app.main | Database tables initialized
2026-03-18 17:23:48,729 | INFO | app.services.scheduler.scheduler | Scheduler configured — last day of month 20:00 UTC
2026-03-18 17:23:48,733 | INFO | app.main | Scheduler started — monthly job at last day 20:00 UTC
2026-03-18 17:23:48,734 | INFO | app.main | ✅ Application ready — debug=False
2026-03-18 17:24:07,327 | INFO | app.main | Scheduler stopped
2026-03-18 17:24:07,327 | INFO | app.main | Application shutdown complete
2026-03-18 17:24:12,801 | INFO | app.core.logging_config | Logging configured — level=INFO file=logs/app.log
2026-03-18 17:24:13,074 | INFO | app.main | Starting GitLab KPI Dashboard API v3.0.0
2026-03-18 17:24:13,333 | INFO | app.database.init_db | ✅ Database tables created / verified successfully
2026-03-18 17:24:13,333 | INFO | app.main | Database tables initialized
2026-03-18 17:24:13,628 | INFO | app.services.scheduler.scheduler | Scheduler configured — last day of month 20:00 UTC
2026-03-18 17:24:13,631 | INFO | app.main | Scheduler started — monthly job at last day 20:00 UTC
2026-03-18 17:24:13,632 | INFO | app.main | ✅ Application ready — debug=False
2026-03-18 17:24:58,915 | INFO | app.main | Scheduler stopped
2026-03-18 17:24:58,916 | INFO | app.main | Application shutdown complete
2026-03-18 17:29:01,260 | INFO | app.core.logging_config | Logging configured — level=INFO file=logs/app.log
2026-03-18 17:29:01,521 | INFO | app.main | Starting GitLab KPI Dashboard API v3.0.0
2026-03-18 17:29:01,673 | INFO | app.database.init_db | ✅ Database tables created / verified successfully
2026-03-18 17:29:01,673 | INFO | app.main | Database tables initialized
2026-03-18 17:29:02,016 | INFO | app.services.scheduler.scheduler | Scheduler configured — last day of month 20:00 UTC
2026-03-18 17:29:02,021 | INFO | app.main | Scheduler started — monthly job at last day 20:00 UTC
2026-03-18 17:29:02,022 | INFO | app.main | ✅ Application ready — debug=False
2026-03-18 17:29:18,497 | INFO | app.api.routers.auth | Login success — user id=1 role=admin
2026-03-19 11:37:01,546 | INFO | app.core.logging_config | Logging configured — level=INFO file=logs/app.log
2026-03-19 11:37:01,698 | INFO | app.main | Starting GitLab KPI Dashboard API v3.0.0
2026-03-19 11:37:01,901 | INFO | app.database.init_db | ✅ Database tables created / verified successfully
2026-03-19 11:37:01,901 | INFO | app.main | Database tables initialized
2026-03-19 11:37:02,128 | INFO | app.services.scheduler.scheduler | Scheduler configured — last day of month 20:00 UTC
2026-03-19 11:37:02,131 | INFO | app.main | Scheduler started — monthly job at last day 20:00 UTC
2026-03-19 11:37:02,131 | INFO | app.main | ✅ Application ready — debug=False
2026-03-19 12:54:34,062 | INFO | app.api.routers.auth | Login success — user id=1 role=admin
2026-03-19 16:14:00,600 | INFO | app.api.routers.auth | Login success — user id=1 role=admin
2026-03-19 16:14:59,979 | INFO | app.api.routers.projects | Project updated — id=1 by admin=1
2026-03-19 16:15:05,927 | INFO | app.api.routers.projects | Project updated — id=2 by admin=1
2026-03-20 00:35:10,893 | INFO | app.main | Scheduler stopped
2026-03-20 00:35:10,900 | INFO | app.main | Application shutdown complete
2026-03-20 00:35:16,932 | INFO | app.core.logging_config | Logging configured — level=INFO file=logs/app.log
2026-03-20 00:35:17,219 | INFO | app.main | Starting GitLab KPI Dashboard API v3.0.0
2026-03-20 00:35:17,374 | INFO | app.database.init_db | ✅ Database tables created / verified successfully
2026-03-20 00:35:17,375 | INFO | app.main | Database tables initialized
2026-03-20 00:35:17,617 | INFO | app.services.scheduler.scheduler | Scheduler configured — last day of month 20:00 UTC
2026-03-20 00:35:17,621 | INFO | app.main | Scheduler started — monthly job at last day 20:00 UTC
2026-03-20 00:35:17,621 | INFO | app.main | ✅ Application ready — debug=False scheduler=True
2026-03-20 00:36:12,823 | INFO | app.main | Scheduler stopped
2026-03-20 00:36:12,823 | INFO | app.main | Application shutdown complete
2026-03-20 00:36:23,241 | INFO | app.core.logging_config | Logging configured — level=INFO file=logs/app.log
2026-03-20 00:36:23,382 | INFO | app.main | Starting GitLab KPI Dashboard API v3.0.0
2026-03-20 00:36:23,461 | INFO | app.database.init_db | ✅ Database tables created / verified successfully
2026-03-20 00:36:23,461 | INFO | app.main | Database tables initialized
2026-03-20 00:36:23,611 | INFO | app.services.scheduler.scheduler | Scheduler configured — last day of month 20:00 UTC
2026-03-20 00:36:23,613 | INFO | app.main | Scheduler started — monthly job at last day 20:00 UTC
2026-03-20 00:36:23,613 | INFO | app.main | ✅ Application ready — debug=False scheduler=True
2026-03-20 01:15:26,715 | INFO | app.main | Scheduler stopped
2026-03-20 01:15:26,744 | INFO | app.main | Application shutdown complete
2026-03-20 01:32:12,158 | INFO | app.core.logging_config | Logging configured — level=INFO file=logs/app.log
2026-03-20 01:32:12,372 | INFO | app.main | Starting GitLab KPI Dashboard API v3.0.0
2026-03-20 01:32:12,535 | INFO | app.database.init_db | ✅ Database tables created / verified successfully
2026-03-20 01:32:12,535 | INFO | app.main | Database tables initialized
2026-03-20 01:32:12,828 | INFO | app.services.scheduler.scheduler | Scheduler configured — last day of month 20:00 UTC
2026-03-20 01:32:12,833 | INFO | app.main | Scheduler started — monthly job at last day 20:00 UTC
2026-03-20 01:32:12,834 | INFO | app.main | ✅ Application ready — debug=False scheduler=True
2026-03-20 01:46:44,142 | INFO | app.api.routers.auth | Login success — user id=1 role=admin
2026-03-21 16:43:49,264 | INFO | app.core.logging_config | Logging configured — level=INFO file=logs/app.log
2026-03-21 16:43:49,401 | INFO | app.main | Starting GitLab KPI Dashboard API v3.0.0
2026-03-21 16:43:49,610 | INFO | app.database.init_db | ✅ Database tables created / verified successfully
2026-03-21 16:43:49,610 | INFO | app.main | Database tables initialized
2026-03-21 16:43:49,811 | INFO | app.services.scheduler.scheduler | Scheduler configured — last day of month 20:00 UTC
2026-03-21 16:43:49,815 | INFO | app.main | Scheduler started — monthly job at last day 20:00 UTC
2026-03-21 16:43:49,815 | INFO | app.main | ✅ Application ready — debug=False scheduler=True
2026-03-21 16:45:00,416 | INFO | app.api.routers.auth | Login success — user id=1 role=admin
2026-03-21 17:26:03,725 | INFO | app.api.routers.auth | Login success — user id=1 role=admin
2026-03-21 17:54:05,405 | INFO | app.services.extraction.extraction_service | Commits — created:0 skipped:12 project=prplOS
2026-03-21 17:54:06,158 | INFO | app.services.extraction.extraction_service | MRs — created:0 skipped:11 project=prplOS
2026-03-21 17:54:06,168 | INFO | app.services.extraction.extraction_service | Dump file generated — dumps\lot_3_project_1_period_1.json (181 bytes) md5=04ce037ed98efd2fe385e78d76e95411
2026-03-21 17:54:06,184 | INFO | app.services.extraction.extraction_service | MONTHLY extraction completed — lot id=3 project=prplOS file=dumps\lot_3_project_1_period_1.json md5=04ce037ed98efd2fe385e78d76e95411
2026-03-21 17:54:06,287 | INFO | app.services.kpi.kpi_service | KpiSnapshot saved — lot_id=3 project_id=1 period=2025/01 site_id=None | commits=10 devs=0 approved_rate=0.00% merged_rate=0.00% avg_review=0.0h
2026-03-21 17:54:43,838 | INFO | app.services.extraction.extraction_service | Commits — created:0 skipped:12 project=tr181-homeplug
2026-03-21 17:54:44,585 | INFO | app.services.extraction.extraction_service | MRs — created:0 skipped:7 project=tr181-homeplug
2026-03-21 17:54:44,588 | INFO | app.services.extraction.extraction_service | Dump file generated — dumps\lot_4_project_2_period_1.json (181 bytes) md5=d58072415e897e04b5934ba277dfcf9d
2026-03-21 17:54:44,592 | INFO | app.services.extraction.extraction_service | MONTHLY extraction completed — lot id=4 project=tr181-homeplug file=dumps\lot_4_project_2_period_1.json md5=d58072415e897e04b5934ba277dfcf9d
2026-03-21 17:54:44,616 | INFO | app.services.kpi.kpi_service | KpiSnapshot saved — lot_id=4 project_id=2 period=2025/01 site_id=None | commits=0 devs=0 approved_rate=0.00% merged_rate=0.00% avg_review=0.0h
2026-03-21 22:42:26,791 | INFO | app.core.logging_config | Logging configured — level=INFO file=logs/app.log
2026-03-21 22:42:27,039 | INFO | app.main | Starting GitLab KPI Dashboard API v3.0.0
2026-03-21 22:42:27,280 | INFO | app.database.init_db | ✅ Database tables created / verified successfully
2026-03-21 22:42:27,280 | INFO | app.main | Database tables initialized
2026-03-21 22:42:27,516 | INFO | app.services.scheduler.scheduler | Scheduler configured — last day of month 20:00 UTC
2026-03-21 22:42:27,520 | INFO | app.main | Scheduler started — monthly job at last day 20:00 UTC
2026-03-21 22:42:27,520 | INFO | app.main | ✅ Application ready — debug=False scheduler=True
2026-03-21 22:52:14,504 | INFO | app.api.routers.auth | Login success — user id=1 role=admin
2026-03-21 22:52:40,079 | INFO | app.services.extraction.extraction_service | Commits — created:0 skipped:12 project=prplOS
2026-03-21 22:52:40,701 | INFO | app.services.extraction.extraction_service | MRs — created:0 skipped:11 project=prplOS
2026-03-21 22:52:40,725 | INFO | app.services.extraction.extraction_service | REALTIME extraction completed — lot id=5 project=prplOS
2026-03-21 22:52:40,796 | INFO | app.services.kpi.kpi_service | KpiSnapshot saved — lot_id=5 project_id=1 period=2026/03 site_id=None | commits=0 devs=0 approved_rate=0.00% merged_rate=0.00% avg_review=0.0h
2026-03-21 22:52:40,800 | INFO | app.api.routers.extraction | KPI snapshot generated after REALTIME — project_id=1 period_id=2
2026-03-21 23:29:42,805 | INFO | app.api.routers.auth | Login success — user id=1 role=admin
2026-03-21 23:31:00,775 | INFO | app.services.extraction.extraction_service | Commits — created:0 skipped:12 project=prplOS
2026-03-21 23:31:01,595 | INFO | app.services.extraction.extraction_service | MRs — created:0 skipped:11 project=prplOS
2026-03-21 23:31:01,619 | INFO | app.services.extraction.extraction_service | Dump file generated — dumps\lot_6_project_1_period_11.json (182 bytes) md5=86d68ab819f4eca1da2f59d8f8541a57
2026-03-21 23:31:01,630 | INFO | app.services.extraction.extraction_service | MONTHLY extraction completed — lot id=6 project=prplOS file=dumps\lot_6_project_1_period_11.json md5=86d68ab819f4eca1da2f59d8f8541a57
2026-03-21 23:31:01,696 | INFO | app.services.kpi.kpi_service | KpiSnapshot saved — lot_id=6 project_id=1 period=2025/04 site_id=None | commits=1 devs=0 approved_rate=0.00% merged_rate=0.00% avg_review=0.0h
2026-03-22 11:33:48,295 | INFO | app.api.routers.auth | Login success — user id=1 role=admin
2026-03-22 11:44:07,368 | INFO | app.main | Scheduler stopped
2026-03-22 11:44:07,381 | INFO | app.main | Application shutdown complete
2026-03-22 11:44:14,654 | INFO | app.core.logging_config | Logging configured — level=INFO file=logs/app.log
2026-03-22 11:44:14,852 | INFO | app.main | Starting GitLab KPI Dashboard API v3.0.0
2026-03-22 11:44:15,033 | INFO | app.database.init_db | ✅ Database tables created / verified successfully
2026-03-22 11:44:15,034 | INFO | app.main | Database tables initialized
2026-03-22 11:44:15,303 | INFO | app.services.scheduler.scheduler | Scheduler configured — last day of month 20:00 UTC
2026-03-22 11:44:15,308 | INFO | app.main | Scheduler started — monthly job at last day 20:00 UTC
2026-03-22 11:44:15,308 | INFO | app.main | ✅ Application ready — debug=False scheduler=True
2026-03-22 11:44:27,629 | INFO | app.api.routers.kpis | [KPI Dashboard] Snapshot exact absent pour project=1 site=2 dev=None — fallback sur snapshot global
2026-03-22 11:44:27,688 | INFO | app.api.routers.kpis | [KPI Compare] Aucun snapshot par site pour project=1 period=11 — fallback sur snapshots globaux
2026-03-22 11:44:27,745 | INFO | app.api.routers.kpis | [KPI Top-Devs] Aucun snapshot individuel pour project=1 — retourne liste vide
2026-03-22 11:44:53,542 | INFO | app.services.extraction.extraction_service | Commits — created:0 skipped:12 project=prplOS
2026-03-22 11:44:54,578 | INFO | app.services.extraction.extraction_service | MRs — created:0 skipped:11 project=prplOS
2026-03-22 11:44:54,632 | INFO | app.services.extraction.extraction_service | REALTIME extraction completed — lot id=7 project=prplOS
2026-03-22 11:44:54,724 | INFO | app.services.kpi.kpi_service | KpiSnapshot saved — lot_id=7 project_id=1 period=2026/03 site_id=None | commits=0 devs=0 approved_rate=0.00% merged_rate=0.00% avg_review=0.0h
2026-03-22 11:44:54,731 | INFO | app.api.routers.extraction | KPI snapshot generated after REALTIME — project_id=1 period_id=2
2026-03-22 11:59:55,881 | INFO | app.main | Scheduler stopped
2026-03-22 11:59:55,885 | INFO | app.main | Application shutdown complete
2026-03-22 12:00:02,640 | INFO | app.core.logging_config | Logging configured — level=INFO file=logs/app.log
2026-03-22 12:00:02,941 | INFO | app.main | Starting GitLab KPI Dashboard API v3.0.0
2026-03-22 12:00:03,117 | INFO | app.database.init_db | ✅ Database tables created / verified successfully
2026-03-22 12:00:03,118 | INFO | app.main | Database tables initialized
2026-03-22 12:00:03,568 | INFO | app.services.scheduler.scheduler | Scheduler configured — last day of month 20:00 UTC
2026-03-22 12:00:03,573 | INFO | app.main | Scheduler started — monthly job at last day 20:00 UTC
2026-03-22 12:00:03,573 | INFO | app.main | ✅ Application ready — debug=False scheduler=True
2026-03-22 12:00:17,484 | INFO | app.services.extraction.extraction_service | Commits — created:0 skipped:12 project=prplOS
2026-03-22 12:00:18,107 | INFO | app.services.extraction.extraction_service | MRs — created:0 skipped:11 project=prplOS
2026-03-22 12:00:18,141 | INFO | app.services.extraction.extraction_service | REALTIME extraction completed — lot id=8 project=prplOS
2026-03-22 12:00:18,247 | INFO | app.services.kpi.kpi_service | KpiSnapshot saved — lot_id=8 project_id=1 period=2026/03 site_id=None | commits=0 devs=0 approved_rate=0.00% merged_rate=0.00% avg_review=0.0h
2026-03-22 12:00:18,250 | INFO | app.api.routers.extraction | KPI snapshot generated after REALTIME — project_id=1 period_id=2
2026-03-22 12:00:44,515 | INFO | app.services.extraction.extraction_service | Commits — created:0 skipped:12 project=tr181-homeplug
2026-03-22 12:00:45,325 | INFO | app.services.extraction.extraction_service | MRs — created:0 skipped:7 project=tr181-homeplug
2026-03-22 12:00:45,342 | INFO | app.services.extraction.extraction_service | REALTIME extraction completed — lot id=9 project=tr181-homeplug
2026-03-22 12:00:45,430 | INFO | app.services.kpi.kpi_service | KpiSnapshot saved — lot_id=9 project_id=2 period=2026/03 site_id=None | commits=0 devs=0 approved_rate=0.00% merged_rate=0.00% avg_review=0.0h
2026-03-22 12:00:45,436 | INFO | app.api.routers.extraction | KPI snapshot generated after REALTIME — project_id=2 period_id=2
2026-03-22 12:15:03,434 | INFO | app.api.routers.kpis | [KPI Dashboard] Snapshot exact absent pour project=1 site=2 dev=None — fallback sur snapshot global
2026-03-22 12:15:03,497 | INFO | app.api.routers.kpis | [KPI Compare] Aucun snapshot par site pour project=1 period=11 — fallback sur snapshots globaux
2026-03-22 12:15:03,543 | INFO | app.api.routers.kpis | [KPI Top-Devs] Aucun snapshot individuel pour project=1 — retourne liste vide
2026-03-22 12:27:32,020 | INFO | app.services.extraction.extraction_service | Commits — created:0 skipped:12 project=prplOS
2026-03-22 12:27:32,603 | INFO | app.services.extraction.extraction_service | MRs — created:0 skipped:11 project=prplOS
2026-03-22 12:27:32,644 | INFO | app.services.extraction.extraction_service | Dump file generated — dumps\lot_10_project_1_period_12.json (183 bytes) md5=97c7a59aac54b6339883b701af24f984
2026-03-22 12:27:32,657 | INFO | app.services.extraction.extraction_service | MONTHLY extraction completed — lot id=10 project=prplOS file=dumps\lot_10_project_1_period_12.json md5=97c7a59aac54b6339883b701af24f984
2026-03-22 12:27:32,769 | INFO | app.services.kpi.kpi_service | KpiSnapshot saved — lot_id=10 project_id=1 period=2025/07 site_id=None | commits=0 devs=0 approved_rate=0.00% merged_rate=0.00% avg_review=0.0h
2026-03-22 12:27:47,090 | INFO | app.services.extraction.extraction_service | Commits — created:0 skipped:12 project=prplOS
2026-03-22 12:27:47,742 | INFO | app.services.extraction.extraction_service | MRs — created:0 skipped:11 project=prplOS
2026-03-22 12:27:47,752 | INFO | app.services.extraction.extraction_service | Dump file generated — dumps\lot_11_project_1_period_13.json (183 bytes) md5=1b2f8f3a64f11fe34617919963fa63ce
2026-03-22 12:27:47,758 | INFO | app.services.extraction.extraction_service | MONTHLY extraction completed — lot id=11 project=prplOS file=dumps\lot_11_project_1_period_13.json md5=1b2f8f3a64f11fe34617919963fa63ce
2026-03-22 12:27:47,806 | INFO | app.services.kpi.kpi_service | KpiSnapshot saved — lot_id=11 project_id=1 period=2025/08 site_id=None | commits=0 devs=0 approved_rate=0.00% merged_rate=0.00% avg_review=0.0h
2026-03-22 12:27:54,479 | INFO | app.services.extraction.extraction_service | Commits — created:0 skipped:12 project=prplOS
2026-03-22 12:27:54,955 | INFO | app.services.extraction.extraction_service | MRs — created:0 skipped:11 project=prplOS
2026-03-22 12:27:54,960 | INFO | app.services.extraction.extraction_service | Dump file generated — dumps\lot_12_project_1_period_14.json (183 bytes) md5=9e579b0c4bc1f957f28055af472dedd1
2026-03-22 12:27:54,963 | INFO | app.services.extraction.extraction_service | MONTHLY extraction completed — lot id=12 project=prplOS file=dumps\lot_12_project_1_period_14.json md5=9e579b0c4bc1f957f28055af472dedd1
2026-03-22 12:27:55,004 | INFO | app.services.kpi.kpi_service | KpiSnapshot saved — lot_id=12 project_id=1 period=2025/09 site_id=None | commits=0 devs=0 approved_rate=0.00% merged_rate=0.00% avg_review=0.0h
2026-03-22 12:28:01,439 | INFO | app.services.extraction.extraction_service | Commits — created:0 skipped:12 project=prplOS
2026-03-22 12:28:01,971 | INFO | app.services.extraction.extraction_service | MRs — created:0 skipped:11 project=prplOS
2026-03-22 12:28:01,979 | INFO | app.services.extraction.extraction_service | Dump file generated — dumps\lot_13_project_1_period_15.json (183 bytes) md5=170e2cdf25cb495e4d14c86cecbc9aab
2026-03-22 12:28:01,986 | INFO | app.services.extraction.extraction_service | MONTHLY extraction completed — lot id=13 project=prplOS file=dumps\lot_13_project_1_period_15.json md5=170e2cdf25cb495e4d14c86cecbc9aab
2026-03-22 12:28:02,033 | INFO | app.services.kpi.kpi_service | KpiSnapshot saved — lot_id=13 project_id=1 period=2025/10 site_id=None | commits=0 devs=0 approved_rate=0.00% merged_rate=0.00% avg_review=0.0h
2026-03-22 12:28:07,849 | INFO | app.services.extraction.extraction_service | Commits — created:0 skipped:12 project=prplOS
2026-03-22 12:28:08,284 | INFO | app.services.extraction.extraction_service | MRs — created:0 skipped:11 project=prplOS
2026-03-22 12:28:08,291 | INFO | app.services.extraction.extraction_service | Dump file generated — dumps\lot_14_project_1_period_16.json (183 bytes) md5=18b229d794f4e33b05b44f7c7e75dc9e
2026-03-22 12:28:08,295 | INFO | app.services.extraction.extraction_service | MONTHLY extraction completed — lot id=14 project=prplOS file=dumps\lot_14_project_1_period_16.json md5=18b229d794f4e33b05b44f7c7e75dc9e
2026-03-22 12:28:08,336 | INFO | app.services.kpi.kpi_service | KpiSnapshot saved — lot_id=14 project_id=1 period=2025/12 site_id=None | commits=0 devs=0 approved_rate=0.00% merged_rate=0.00% avg_review=0.0h
2026-03-22 12:28:15,530 | INFO | app.services.extraction.extraction_service | Commits — created:0 skipped:12 project=prplOS
2026-03-22 12:28:15,960 | INFO | app.services.extraction.extraction_service | MRs — created:0 skipped:11 project=prplOS
2026-03-22 12:28:15,973 | INFO | app.services.extraction.extraction_service | Dump file generated — dumps\lot_15_project_1_period_17.json (183 bytes) md5=7b025b714017ba86165835b01802a185
2026-03-22 12:28:15,977 | INFO | app.services.extraction.extraction_service | MONTHLY extraction completed — lot id=15 project=prplOS file=dumps\lot_15_project_1_period_17.json md5=7b025b714017ba86165835b01802a185
2026-03-22 12:28:16,032 | INFO | app.services.kpi.kpi_service | KpiSnapshot saved — lot_id=15 project_id=1 period=2026/01 site_id=None | commits=1 devs=0 approved_rate=0.00% merged_rate=0.00% avg_review=0.0h
2026-03-22 12:29:31,054 | INFO | app.api.routers.extraction | Download — lot_id=10 file=dumps\lot_10_project_1_period_12.json admin_id=1
2026-03-22 12:29:52,627 | INFO | app.api.routers.extraction | Download — lot_id=6 file=dumps\lot_6_project_1_period_11.json admin_id=1
2026-03-22 12:30:08,321 | INFO | app.api.routers.extraction | Download — lot_id=3 file=dumps\lot_3_project_1_period_1.json admin_id=1
2026-03-22 12:32:00,643 | INFO | app.api.routers.kpis | [KPI Dashboard] Snapshot exact absent pour project=1 site=2 dev=None — fallback sur snapshot global
2026-03-22 12:32:00,684 | INFO | app.api.routers.kpis | [KPI Compare] Aucun snapshot par site pour project=1 period=16 — fallback sur snapshots globaux
2026-03-22 12:32:00,729 | INFO | app.api.routers.kpis | [KPI Top-Devs] Aucun snapshot individuel pour project=1 — retourne liste vide
2026-03-22 12:32:07,622 | INFO | app.api.routers.kpis | [KPI Dashboard] Snapshot exact absent pour project=1 site=2 dev=None — fallback sur snapshot global
2026-03-22 12:32:07,646 | INFO | app.api.routers.kpis | [KPI Compare] Aucun snapshot par site pour project=1 period=14 — fallback sur snapshots globaux
2026-03-22 12:32:07,664 | INFO | app.api.routers.kpis | [KPI Top-Devs] Aucun snapshot individuel pour project=1 — retourne liste vide
2026-03-22 12:32:09,877 | INFO | app.api.routers.kpis | [KPI Dashboard] Snapshot exact absent pour project=1 site=2 dev=None — fallback sur snapshot global
2026-03-22 12:32:09,905 | INFO | app.api.routers.kpis | [KPI Compare] Aucun snapshot par site pour project=1 period=13 — fallback sur snapshots globaux
2026-03-22 12:32:09,926 | INFO | app.api.routers.kpis | [KPI Top-Devs] Aucun snapshot individuel pour project=1 — retourne liste vide
2026-03-22 12:36:11,220 | INFO | app.api.routers.auth | Login success — user id=1 role=admin
2026-03-22 12:36:18,901 | INFO | app.api.routers.kpis | [KPI Dashboard] Snapshot exact absent pour project=1 site=2 dev=None — fallback sur snapshot global
2026-03-22 12:36:18,940 | INFO | app.api.routers.kpis | [KPI Compare] Aucun snapshot par site pour project=1 period=17 — fallback sur snapshots globaux
2026-03-22 12:36:18,974 | INFO | app.api.routers.kpis | [KPI Top-Devs] Aucun snapshot individuel pour project=1 — retourne liste vide
2026-03-22 12:36:21,500 | INFO | app.api.routers.kpis | [KPI Dashboard] Snapshot exact absent pour project=1 site=2 dev=None — fallback sur snapshot global
2026-03-22 12:36:21,547 | INFO | app.api.routers.kpis | [KPI Compare] Aucun snapshot par site pour project=1 period=11 — fallback sur snapshots globaux
2026-03-22 12:36:21,578 | INFO | app.api.routers.kpis | [KPI Top-Devs] Aucun snapshot individuel pour project=1 — retourne liste vide
2026-03-22 12:36:42,241 | INFO | app.api.routers.kpis | [KPI Dashboard] Snapshot exact absent pour project=1 site=2 dev=None — fallback sur snapshot global
2026-03-22 12:36:42,280 | INFO | app.api.routers.kpis | [KPI Compare] Aucun snapshot par site pour project=1 period=16 — fallback sur snapshots globaux
2026-03-22 12:36:42,320 | INFO | app.api.routers.kpis | [KPI Top-Devs] Aucun snapshot individuel pour project=1 — retourne liste vide
2026-03-22 12:36:45,475 | INFO | app.api.routers.kpis | [KPI Dashboard] Snapshot exact absent pour project=1 site=2 dev=None — fallback sur snapshot global
2026-03-22 12:36:45,510 | INFO | app.api.routers.kpis | [KPI Compare] Aucun snapshot par site pour project=1 period=14 — fallback sur snapshots globaux
2026-03-22 12:36:45,540 | INFO | app.api.routers.kpis | [KPI Top-Devs] Aucun snapshot individuel pour project=1 — retourne liste vide
2026-03-22 12:36:48,643 | INFO | app.api.routers.kpis | [KPI Dashboard] Snapshot exact absent pour project=1 site=2 dev=None — fallback sur snapshot global
2026-03-22 12:36:48,677 | INFO | app.api.routers.kpis | [KPI Compare] Aucun snapshot par site pour project=1 period=11 — fallback sur snapshots globaux
2026-03-22 12:36:48,708 | INFO | app.api.routers.kpis | [KPI Top-Devs] Aucun snapshot individuel pour project=1 — retourne liste vide
2026-03-22 12:36:51,018 | INFO | app.api.routers.kpis | [KPI Dashboard] Snapshot exact absent pour project=1 site=2 dev=None — fallback sur snapshot global
2026-03-22 12:36:51,063 | INFO | app.api.routers.kpis | [KPI Compare] Aucun snapshot par site pour project=1 period=1 — fallback sur snapshots globaux
2026-03-22 12:36:51,092 | INFO | app.api.routers.kpis | [KPI Top-Devs] Aucun snapshot individuel pour project=1 — retourne liste vide
2026-03-22 12:36:53,770 | INFO | app.api.routers.kpis | [KPI Dashboard] Snapshot exact absent pour project=1 site=2 dev=None — fallback sur snapshot global
2026-03-22 12:36:53,809 | INFO | app.api.routers.kpis | [KPI Compare] Aucun snapshot par site pour project=1 period=2 — fallback sur snapshots globaux
2026-03-22 12:36:53,845 | INFO | app.api.routers.kpis | [KPI Top-Devs] Aucun snapshot individuel pour project=1 — retourne liste vide
2026-03-22 12:36:57,072 | INFO | app.api.routers.kpis | [KPI Dashboard] Snapshot exact absent pour project=1 site=2 dev=None — fallback sur snapshot global
2026-03-22 12:36:57,104 | INFO | app.api.routers.kpis | [KPI Compare] Aucun snapshot par site pour project=1 period=11 — fallback sur snapshots globaux
2026-03-22 12:36:57,135 | INFO | app.api.routers.kpis | [KPI Top-Devs] Aucun snapshot individuel pour project=1 — retourne liste vide
2026-03-22 12:36:59,782 | INFO | app.api.routers.kpis | [KPI Dashboard] Snapshot exact absent pour project=1 site=2 dev=None — fallback sur snapshot global
2026-03-22 12:36:59,818 | INFO | app.api.routers.kpis | [KPI Compare] Aucun snapshot par site pour project=1 period=13 — fallback sur snapshots globaux
2026-03-22 12:36:59,852 | INFO | app.api.routers.kpis | [KPI Top-Devs] Aucun snapshot individuel pour project=1 — retourne liste vide
2026-03-22 12:37:02,273 | INFO | app.api.routers.kpis | [KPI Dashboard] Snapshot exact absent pour project=1 site=2 dev=None — fallback sur snapshot global
2026-03-22 12:37:02,309 | INFO | app.api.routers.kpis | [KPI Compare] Aucun snapshot par site pour project=1 period=14 — fallback sur snapshots globaux
2026-03-22 12:37:02,339 | INFO | app.api.routers.kpis | [KPI Top-Devs] Aucun snapshot individuel pour project=1 — retourne liste vide
2026-03-22 12:37:04,580 | INFO | app.api.routers.kpis | [KPI Dashboard] Snapshot exact absent pour project=1 site=2 dev=None — fallback sur snapshot global
2026-03-22 12:37:04,622 | INFO | app.api.routers.kpis | [KPI Compare] Aucun snapshot par site pour project=1 period=15 — fallback sur snapshots globaux
2026-03-22 12:37:04,649 | INFO | app.api.routers.kpis | [KPI Top-Devs] Aucun snapshot individuel pour project=1 — retourne liste vide
2026-03-22 12:37:07,389 | INFO | app.api.routers.kpis | [KPI Dashboard] Snapshot exact absent pour project=1 site=2 dev=None — fallback sur snapshot global
2026-03-22 12:37:07,427 | INFO | app.api.routers.kpis | [KPI Compare] Aucun snapshot par site pour project=1 period=17 — fallback sur snapshots globaux
2026-03-22 12:37:07,458 | INFO | app.api.routers.kpis | [KPI Top-Devs] Aucun snapshot individuel pour project=1 — retourne liste vide
2026-03-22 12:56:56,297 | INFO | app.api.routers.developers | Developer validated — id=5 username=Girdhari Yadav by admin=1
2026-03-22 12:57:00,480 | INFO | app.api.routers.developers | Developer validated — id=7 username=Matthias Franck by admin=1
2026-03-22 12:57:03,142 | INFO | app.api.routers.developers | Developer validated — id=1 username=Petr Štetiar by admin=1
2026-03-22 12:57:06,327 | INFO | app.api.routers.developers | Developer validated — id=4 username=Sathishkumar Selvam by admin=1
2026-03-22 12:57:09,443 | INFO | app.api.routers.developers | Developer validated — id=8 username=Ward Lindekens by admin=1
2026-03-22 13:01:31,597 | INFO | app.api.routers.kpis | [KPI Dashboard] Snapshot exact absent pour project=2 site=None dev=8 — fallback sur snapshot global
2026-03-22 13:01:31,618 | INFO | app.api.routers.kpis | [KPI Compare] Aucun snapshot par site pour project=2 period=17 — fallback sur snapshots globaux
2026-03-22 13:01:34,773 | INFO | app.api.routers.kpis | [KPI Dashboard] Snapshot exact absent pour project=2 site=None dev=4 — fallback sur snapshot global
2026-03-22 13:01:34,790 | INFO | app.api.routers.kpis | [KPI Compare] Aucun snapshot par site pour project=2 period=17 — fallback sur snapshots globaux
2026-03-22 13:01:38,115 | INFO | app.api.routers.kpis | [KPI Dashboard] Snapshot exact absent pour project=2 site=None dev=4 — fallback sur snapshot global
2026-03-22 13:01:38,133 | INFO | app.api.routers.kpis | [KPI Compare] Aucun snapshot par site pour project=2 period=11 — fallback sur snapshots globaux
2026-03-22 13:01:45,347 | INFO | app.api.routers.kpis | [KPI Dashboard] Snapshot exact absent pour project=1 site=2 dev=None — fallback sur snapshot global
2026-03-22 13:01:45,368 | INFO | app.api.routers.kpis | [KPI Compare] Aucun snapshot par site pour project=1 period=11 — fallback sur snapshots globaux
2026-03-22 13:01:45,389 | INFO | app.api.routers.kpis | [KPI Top-Devs] Aucun snapshot individuel pour project=1 — retourne liste vide
2026-03-22 13:01:48,112 | INFO | app.api.routers.kpis | [KPI Dashboard] Snapshot exact absent pour project=1 site=2 dev=None — fallback sur snapshot global
2026-03-22 13:01:48,129 | INFO | app.api.routers.kpis | [KPI Compare] Aucun snapshot par site pour project=1 period=12 — fallback sur snapshots globaux
2026-03-22 13:01:48,140 | INFO | app.api.routers.kpis | [KPI Top-Devs] Aucun snapshot individuel pour project=1 — retourne liste vide
2026-03-22 16:24:03,240 | INFO | app.core.logging_config | Logging configured — level=INFO file=logs/app.log
2026-03-22 16:24:03,390 | INFO | app.main | Starting GitLab KPI Dashboard API v3.0.0
2026-03-22 16:24:03,617 | INFO | app.database.init_db | ✅ Database tables created / verified successfully
2026-03-22 16:24:03,617 | INFO | app.main | Database tables initialized
2026-03-22 16:24:03,832 | INFO | app.services.scheduler.scheduler | Scheduler configured — last day of month 20:00 UTC
2026-03-22 16:24:03,837 | INFO | app.main | Scheduler started — monthly job at last day 20:00 UTC
2026-03-22 16:24:03,838 | INFO | app.main | ✅ Application ready — debug=False scheduler=True
2026-03-22 16:24:41,897 | INFO | app.api.routers.auth | Login success — user id=1 role=admin
2026-03-22 21:02:04,614 | INFO | app.main | Scheduler stopped
2026-03-22 21:02:04,626 | INFO | app.main | Application shutdown complete
2026-03-22 21:02:08,910 | INFO | app.core.logging_config | Logging configured — level=INFO file=logs/app.log
2026-03-22 21:02:09,059 | INFO | app.main | Starting GitLab KPI Dashboard API v3.0.0
2026-03-22 21:02:09,199 | INFO | app.database.init_db | ✅ Database tables created / verified successfully
2026-03-22 21:02:09,200 | INFO | app.main | Database tables initialized
2026-03-22 21:02:09,417 | INFO | app.services.scheduler.scheduler | Scheduler configured — last day of month 20:00 UTC
2026-03-22 21:02:09,421 | INFO | app.main | Scheduler started — monthly job at last day 20:00 UTC
2026-03-22 21:02:09,421 | INFO | app.main | ✅ Application ready — debug=False scheduler=True
2026-03-22 21:02:36,551 | INFO | app.api.routers.auth | Login success — user id=1 role=admin
2026-03-22 21:02:53,210 | INFO | app.api.routers.kpis | [KPI Dashboard] Snapshot exact absent pour project=1 site=2 dev=None — fallback sur snapshot global
2026-03-22 21:35:53,111 | INFO | app.api.routers.kpis | [KPI Dashboard] Snapshot exact absent pour project=1 site=3 dev=None — fallback sur snapshot global
2026-03-22 21:35:56,011 | INFO | app.api.routers.kpis | [KPI Dashboard] Snapshot exact absent pour project=1 site=2 dev=None — fallback sur snapshot global
2026-03-23 00:10:32,141 | INFO | app.api.routers.auth | Login success — user id=1 role=admin
2026-03-23 00:38:17,135 | INFO | app.main | Scheduler stopped
2026-03-23 00:38:17,142 | INFO | app.main | Application shutdown complete
2026-03-23 00:38:22,495 | INFO | app.core.logging_config | Logging configured — level=INFO file=logs/app.log
2026-03-23 00:38:22,733 | INFO | app.main | Starting GitLab KPI Dashboard API v3.0.0
2026-03-23 00:38:22,893 | INFO | app.database.init_db | ✅ Database tables created / verified successfully
2026-03-23 00:38:22,894 | INFO | app.main | Database tables initialized
2026-03-23 00:38:23,193 | INFO | app.services.scheduler.scheduler | Scheduler configured — last day of month 20:00 UTC
2026-03-23 00:38:23,198 | INFO | app.main | Scheduler started — monthly job at last day 20:00 UTC
2026-03-23 00:38:23,198 | INFO | app.main | ✅ Application ready — debug=False scheduler=True
2026-03-23 00:43:18,643 | INFO | app.main | Scheduler stopped
2026-03-23 00:43:18,646 | INFO | app.main | Application shutdown complete
2026-03-23 00:43:22,118 | INFO | app.core.logging_config | Logging configured — level=INFO file=logs/app.log
2026-03-23 00:43:22,286 | INFO | app.main | Starting GitLab KPI Dashboard API v3.0.0
2026-03-23 00:43:22,414 | INFO | app.database.init_db | ✅ Database tables created / verified successfully
2026-03-23 00:43:22,414 | INFO | app.main | Database tables initialized
2026-03-23 00:43:22,640 | INFO | app.services.scheduler.scheduler | Scheduler configured — last day of month 20:00 UTC
2026-03-23 00:43:22,643 | INFO | app.main | Scheduler started — monthly job at last day 20:00 UTC
2026-03-23 00:43:22,644 | INFO | app.main | ✅ Application ready — debug=False scheduler=True
2026-03-23 00:44:52,693 | INFO | app.main | Scheduler stopped
2026-03-23 00:44:52,694 | INFO | app.main | Application shutdown complete
2026-03-23 00:44:55,655 | INFO | app.core.logging_config | Logging configured — level=INFO file=logs/app.log
2026-03-23 00:44:55,853 | INFO | app.main | Starting GitLab KPI Dashboard API v3.0.0
2026-03-23 00:44:55,946 | INFO | app.database.init_db | ✅ Database tables created / verified successfully
2026-03-23 00:44:55,946 | INFO | app.main | Database tables initialized
2026-03-23 00:44:56,141 | INFO | app.services.scheduler.scheduler | Scheduler configured — last day of month 20:00 UTC
2026-03-23 00:44:56,145 | INFO | app.main | Scheduler started — monthly job at last day 20:00 UTC
2026-03-23 00:44:56,145 | INFO | app.main | ✅ Application ready — debug=False scheduler=True
2026-03-23 00:44:58,616 | INFO | app.core.logging_config | Logging configured — level=INFO file=logs/app.log
2026-03-23 00:44:58,795 | INFO | app.main | Starting GitLab KPI Dashboard API v3.0.0
2026-03-23 00:44:58,885 | INFO | app.database.init_db | ✅ Database tables created / verified successfully
2026-03-23 00:44:58,885 | INFO | app.main | Database tables initialized
2026-03-23 00:44:59,071 | INFO | app.services.scheduler.scheduler | Scheduler configured — last day of month 20:00 UTC
2026-03-23 00:44:59,074 | INFO | app.main | Scheduler started — monthly job at last day 20:00 UTC
2026-03-23 00:44:59,074 | INFO | app.main | ✅ Application ready — debug=False scheduler=True
2026-03-23 00:45:15,500 | INFO | app.api.routers.auth | Login success — user id=1 role=admin
2026-03-23 00:48:18,909 | INFO | app.services.extraction.extraction_service | [BACKFILL] Reusing existing lot id=3 project=prplOS period_id=1
2026-03-23 00:48:19,998 | INFO | app.services.extraction.extraction_service | Commits — created:0 skipped:12 project=prplOS
2026-03-23 00:48:21,059 | INFO | app.services.extraction.extraction_service | MRs — created:0 skipped:11 project=prplOS
2026-03-23 00:48:21,074 | INFO | app.services.extraction.extraction_service | [BACKFILL] project.site_id=2 — KPI calculation will use this site.
2026-03-23 00:48:21,137 | INFO | app.services.extraction.extraction_service | Dump file generated — dumps\lot_3_project_1_period_1.json (181 bytes) md5=0cab6d86fe639772460a0acbe57150fa
2026-03-23 00:48:21,374 | INFO | app.services.extraction.extraction_service | [BACKFILL] extraction completed — lot id=3 project=prplOS file=dumps\lot_3_project_1_period_1.json md5=0cab6d86fe639772460a0acbe57150fa
2026-03-23 00:48:22,334 | INFO | app.services.kpi.kpi_service | KpiSnapshot saved — lot_id=3 project_id=1 period=2025/01 site_id=None | commits=10 devs=1 approved_rate=100.00% merged_rate=75.00% avg_review=0.2h
2026-03-23 00:48:22,347 | INFO | app.api.routers.extraction | KPI snapshot generated after BACKFILL — project_id=1 period_id=1
2026-03-23 09:47:43,168 | INFO | app.api.routers.auth | Login success — user id=1 role=admin
2026-03-23 09:56:30,208 | INFO | app.api.routers.auth | Login success — user id=1 role=admin
2026-03-23 09:59:14,807 | INFO | app.services.extraction.extraction_service | [BACKFILL] Reusing existing lot id=6 project=prplOS period_id=11
2026-03-23 09:59:15,796 | INFO | app.services.extraction.extraction_service | Commits — created:0 skipped:12 project=prplOS
2026-03-23 09:59:16,713 | INFO | app.services.extraction.extraction_service | MRs — created:0 skipped:11 project=prplOS
2026-03-23 09:59:16,716 | INFO | app.services.extraction.extraction_service | [BACKFILL] project.site_id=2 — KPI calculation will use this site.
2026-03-23 09:59:16,728 | INFO | app.services.extraction.extraction_service | Dump file generated — dumps\lot_6_project_1_period_11.json (182 bytes) md5=c7e6c1242d366266ed6f5bbb6258414b
2026-03-23 09:59:16,740 | INFO | app.services.extraction.extraction_service | [BACKFILL] extraction completed — lot id=6 project=prplOS file=dumps\lot_6_project_1_period_11.json md5=c7e6c1242d366266ed6f5bbb6258414b
2026-03-23 09:59:16,813 | INFO | app.services.kpi.kpi_service | KpiSnapshot saved — lot_id=6 project_id=1 period=2025/04 site_id=None | commits=1 devs=1 approved_rate=50.00% merged_rate=0.00% avg_review=1897.1h
2026-03-23 09:59:16,822 | INFO | app.api.routers.extraction | KPI snapshot generated after BACKFILL — project_id=1 period_id=11
2026-03-23 09:59:27,899 | INFO | app.services.extraction.extraction_service | [BACKFILL] Reusing existing lot id=14 project=prplOS period_id=16
2026-03-23 09:59:28,413 | INFO | app.services.extraction.extraction_service | Commits — created:0 skipped:12 project=prplOS
2026-03-23 09:59:28,987 | INFO | app.services.extraction.extraction_service | MRs — created:0 skipped:11 project=prplOS
2026-03-23 09:59:28,988 | INFO | app.services.extraction.extraction_service | [BACKFILL] project.site_id=2 — KPI calculation will use this site.
2026-03-23 09:59:28,995 | INFO | app.services.extraction.extraction_service | Dump file generated — dumps\lot_14_project_1_period_16.json (183 bytes) md5=89b1e718c7d1b3223d4bae3c52921837
2026-03-23 09:59:28,998 | INFO | app.services.extraction.extraction_service | [BACKFILL] extraction completed — lot id=14 project=prplOS file=dumps\lot_14_project_1_period_16.json md5=89b1e718c7d1b3223d4bae3c52921837
2026-03-23 09:59:29,033 | INFO | app.services.kpi.kpi_service | KpiSnapshot saved — lot_id=14 project_id=1 period=2025/12 site_id=None | commits=0 devs=1 approved_rate=0.00% merged_rate=0.00% avg_review=0.0h
2026-03-23 09:59:29,044 | INFO | app.api.routers.extraction | KPI snapshot generated after BACKFILL — project_id=1 period_id=16
2026-03-23 10:00:16,821 | INFO | app.api.routers.kpis | [KPI Dashboard] Snapshot exact absent pour project=1 site=3 dev=None — fallback sur snapshot global
2026-03-23 10:04:49,431 | INFO | app.api.routers.auth | Login success — user id=1 role=admin
2026-03-23 10:06:40,467 | INFO | app.api.routers.auth | Login success — user id=1 role=admin
2026-03-23 10:07:09,558 | INFO | app.api.routers.kpis | [KPI Dashboard] Snapshot exact absent pour project=1 site=3 dev=None — fallback sur snapshot global
2026-03-23 11:07:49,270 | INFO | app.api.routers.auth | Login success — user id=1 role=admin
2026-03-23 11:56:35,380 | INFO | app.api.routers.auth | Login success — user id=1 role=admin
2026-03-23 10:59:19,329 | INFO | app.core.logging_config | Logging configured — level=INFO file=logs/app.log
2026-03-23 10:59:19,528 | INFO | app.main | Starting GitLab KPI Dashboard API v3.0.0
2026-03-23 10:59:19,588 | INFO | app.database.init_db | ✅ Database tables created / verified successfully
2026-03-23 10:59:19,589 | INFO | app.main | Database tables initialized
2026-03-23 10:59:19,785 | INFO | app.core.seed_data | KpiDefinition seeded — code=MR_RATE_SITE
2026-03-23 10:59:19,789 | INFO | app.core.seed_data | KpiDefinition seeded — code=APPROVED_MR_RATE
2026-03-23 10:59:19,794 | INFO | app.core.seed_data | KpiDefinition seeded — code=MERGED_MR_RATE
2026-03-23 10:59:19,798 | INFO | app.core.seed_data | KpiDefinition seeded — code=COMMIT_RATE_SITE
2026-03-23 10:59:19,802 | INFO | app.core.seed_data | KpiDefinition seeded — code=NB_COMMITS_PROJECT
2026-03-23 10:59:19,812 | INFO | app.core.seed_data | KpiDefinition seeded — code=AVG_REVIEW_TIME
2026-03-23 10:59:19,815 | INFO | app.core.seed_data | KpiDefinition seeded — code=MR_RATE_TICKET
2026-03-23 10:59:19,844 | INFO | app.core.seed_data | ✅ Seeded 7 KpiDefinition(s)
2026-03-23 10:59:19,857 | INFO | app.main | KpiDefinitions seeded — 7 created
2026-03-23 10:59:19,874 | WARNING | passlib.handlers.bcrypt | (trapped) error reading bcrypt version
Traceback (most recent call last):
  File "/usr/local/lib/python3.11/site-packages/passlib/handlers/bcrypt.py", line 620, in _load_backend_mixin
    version = _bcrypt.__about__.__version__
              ^^^^^^^^^^^^^^^^^
AttributeError: module 'bcrypt' has no attribute '__about__'
2026-03-23 10:59:19,927 | ERROR | app.main | Admin user seed failed: password cannot be longer than 72 bytes, truncate manually if necessary (e.g. my_password[:72])
Traceback (most recent call last):
  File "/app/app/main.py", line 82, in lifespan
    seed_admin_user(db, settings.ADMIN_EMAIL, settings.ADMIN_PASSWORD)
  File "/app/app/core/seed_data.py", line 171, in seed_admin_user
    hashed_password = hash_password(password),
                      ^^^^^^^^^^^^^^^^^^^^^^^
  File "/app/app/core/security.py", line 42, in hash_password
    return pwd_context.hash(password)
           ^^^^^^^^^^^^^^^^^^^^^^^^^^
  File "/usr/local/lib/python3.11/site-packages/passlib/context.py", line 2258, in hash
    return record.hash(secret, **kwds)
           ^^^^^^^^^^^^^^^^^^^^^^^^^^^
  File "/usr/local/lib/python3.11/site-packages/passlib/utils/handlers.py", line 779, in hash
    self.checksum = self._calc_checksum(secret)
                    ^^^^^^^^^^^^^^^^^^^^^^^^^^^
  File "/usr/local/lib/python3.11/site-packages/passlib/handlers/bcrypt.py", line 591, in _calc_checksum
    self._stub_requires_backend()
  File "/usr/local/lib/python3.11/site-packages/passlib/utils/handlers.py", line 2254, in _stub_requires_backend
    cls.set_backend()
  File "/usr/local/lib/python3.11/site-packages/passlib/utils/handlers.py", line 2156, in set_backend
    return owner.set_backend(name, dryrun=dryrun)
           ^^^^^^^^^^^^^^^^^^^^^^^^^^^^^^^^^^^^^^
  File "/usr/local/lib/python3.11/site-packages/passlib/utils/handlers.py", line 2163, in set_backend
    return cls.set_backend(name, dryrun=dryrun)
           ^^^^^^^^^^^^^^^^^^^^^^^^^^^^^^^^^^^^
  File "/usr/local/lib/python3.11/site-packages/passlib/utils/handlers.py", line 2188, in set_backend
    cls._set_backend(name, dryrun)
  File "/usr/local/lib/python3.11/site-packages/passlib/utils/handlers.py", line 2311, in _set_backend
    super(SubclassBackendMixin, cls)._set_backend(name, dryrun)
  File "/usr/local/lib/python3.11/site-packages/passlib/utils/handlers.py", line 2224, in _set_backend
    ok = loader(**kwds)
         ^^^^^^^^^^^^^^
  File "/usr/local/lib/python3.11/site-packages/passlib/handlers/bcrypt.py", line 626, in _load_backend_mixin
    return mixin_cls._finalize_backend_mixin(name, dryrun)
           ^^^^^^^^^^^^^^^^^^^^^^^^^^^^^^^^^^^^^^^^^^^^^^^
  File "/usr/local/lib/python3.11/site-packages/passlib/handlers/bcrypt.py", line 421, in _finalize_backend_mixin
    if detect_wrap_bug(IDENT_2A):
       ^^^^^^^^^^^^^^^^^^^^^^^^^
  File "/usr/local/lib/python3.11/site-packages/passlib/handlers/bcrypt.py", line 380, in detect_wrap_bug
    if verify(secret, bug_hash):
       ^^^^^^^^^^^^^^^^^^^^^^^^
  File "/usr/local/lib/python3.11/site-packages/passlib/utils/handlers.py", line 792, in verify
    return consteq(self._calc_checksum(secret), chk)
                   ^^^^^^^^^^^^^^^^^^^^^^^^^^^
  File "/usr/local/lib/python3.11/site-packages/passlib/handlers/bcrypt.py", line 655, in _calc_checksum
    hash = _bcrypt.hashpw(secret, config)
           ^^^^^^^^^^^^^^^^^^^^^^^^^^^^^^
ValueError: password cannot be longer than 72 bytes, truncate manually if necessary (e.g. my_password[:72])
2026-03-23 10:59:20,065 | INFO | app.main | ✅ Application ready — debug=False scheduler=False
2026-03-23 11:11:01,824 | INFO | app.core.logging_config | Logging configured — level=INFO file=logs/app.log
2026-03-23 11:11:02,015 | INFO | app.main | Starting GitLab KPI Dashboard API v3.0.0
2026-03-23 11:11:02,081 | INFO | app.database.init_db | ✅ Database tables created / verified successfully
2026-03-23 11:11:02,081 | INFO | app.main | Database tables initialized
2026-03-23 11:11:02,459 | INFO | app.core.seed_data | ✅ Default admin user created — email=admin@test.com
2026-03-23 11:11:02,460 | INFO | app.main | ✅ Application ready — debug=False scheduler=False
2026-03-23 11:11:55,526 | INFO | app.core.logging_config | Logging configured — level=INFO file=logs/app.log
2026-03-23 11:11:55,697 | INFO | app.main | Starting GitLab KPI Dashboard API v3.0.0
2026-03-23 11:11:55,745 | INFO | app.database.init_db | ✅ Database tables created / verified successfully
2026-03-23 11:11:55,746 | INFO | app.main | Database tables initialized
2026-03-23 11:11:55,866 | INFO | app.main | ✅ Application ready — debug=False scheduler=False
2026-03-23 11:12:37,055 | INFO | app.api.routers.auth | Login success — user id=1 role=UserRoleEnum.admin
2026-03-23 11:13:22,544 | INFO | app.api.routers.auth | Login success — user id=1 role=UserRoleEnum.admin
2026-03-23 11:17:11,222 | INFO | app.api.routers.auth | Login success — user id=1 role=UserRoleEnum.admin
2026-03-23 11:28:53,112 | INFO | app.api.routers.auth | Login success — user id=1 role=UserRoleEnum.admin
2026-03-23 11:34:54,218 | INFO | app.main | Application shutdown complete
2026-03-23 11:35:05,551 | INFO | app.core.logging_config | Logging configured — level=INFO file=logs/app.log
2026-03-23 11:35:05,886 | INFO | app.main | Starting GitLab KPI Dashboard API v3.0.0
2026-03-23 11:35:06,193 | INFO | app.database.init_db | ✅ Database tables created / verified successfully
2026-03-23 11:35:06,193 | INFO | app.main | Database tables initialized
2026-03-23 11:35:06,579 | INFO | app.main | ✅ Application ready — debug=False scheduler=False
2026-03-23 11:40:26,304 | INFO | app.main | Application shutdown complete
2026-03-23 11:40:37,701 | INFO | app.core.logging_config | Logging configured — level=INFO file=logs/app.log
2026-03-23 11:40:37,989 | INFO | app.main | Starting GitLab KPI Dashboard API v3.0.0
2026-03-23 11:40:38,153 | INFO | app.database.init_db | ✅ Database tables created / verified successfully
2026-03-23 11:40:38,154 | INFO | app.main | Database tables initialized
2026-03-23 11:40:38,360 | INFO | app.main | ✅ Application ready — debug=False scheduler=False
2026-03-23 11:40:41,148 | INFO | app.core.logging_config | Logging configured — level=INFO file=logs/app.log
2026-03-23 11:40:41,425 | INFO | app.main | Starting GitLab KPI Dashboard API v3.0.0
2026-03-23 11:40:41,478 | INFO | app.database.init_db | ✅ Database tables created / verified successfully
2026-03-23 11:40:41,479 | INFO | app.main | Database tables initialized
2026-03-23 11:40:41,662 | INFO | app.main | ✅ Application ready — debug=False scheduler=False
2026-03-23 11:40:44,646 | INFO | app.core.logging_config | Logging configured — level=INFO file=logs/app.log
2026-03-23 11:40:44,821 | INFO | app.main | Starting GitLab KPI Dashboard API v3.0.0
2026-03-23 11:40:44,909 | INFO | app.database.init_db | ✅ Database tables created / verified successfully
2026-03-23 11:40:44,910 | INFO | app.main | Database tables initialized
2026-03-23 11:40:45,038 | INFO | app.main | ✅ Application ready — debug=False scheduler=False
2026-03-23 11:40:48,057 | INFO | app.main | Application shutdown complete
2026-03-23 11:40:50,901 | INFO | app.core.logging_config | Logging configured — level=INFO file=logs/app.log
2026-03-23 11:40:51,080 | INFO | app.main | Starting GitLab KPI Dashboard API v3.0.0
2026-03-23 11:40:51,126 | INFO | app.database.init_db | ✅ Database tables created / verified successfully
2026-03-23 11:40:51,126 | INFO | app.main | Database tables initialized
2026-03-23 11:40:51,249 | INFO | app.main | ✅ Application ready — debug=False scheduler=False
2026-03-23 11:41:00,142 | INFO | app.main | Application shutdown complete
2026-03-23 11:41:02,976 | INFO | app.core.logging_config | Logging configured — level=INFO file=logs/app.log
2026-03-23 11:41:03,159 | INFO | app.main | Starting GitLab KPI Dashboard API v3.0.0
2026-03-23 11:41:03,218 | INFO | app.database.init_db | ✅ Database tables created / verified successfully
2026-03-23 11:41:03,219 | INFO | app.main | Database tables initialized
2026-03-23 11:41:03,405 | INFO | app.main | ✅ Application ready — debug=False scheduler=False
2026-03-23 11:41:05,672 | INFO | app.core.logging_config | Logging configured — level=INFO file=logs/app.log
2026-03-23 11:41:05,838 | INFO | app.main | Starting GitLab KPI Dashboard API v3.0.0
2026-03-23 11:41:05,884 | INFO | app.database.init_db | ✅ Database tables created / verified successfully
2026-03-23 11:41:05,885 | INFO | app.main | Database tables initialized
2026-03-23 11:41:06,014 | INFO | app.main | ✅ Application ready — debug=False scheduler=False
2026-03-23 11:41:07,521 | INFO | app.main | Application shutdown complete
2026-03-23 11:41:10,260 | INFO | app.core.logging_config | Logging configured — level=INFO file=logs/app.log
2026-03-23 11:41:10,456 | INFO | app.main | Starting GitLab KPI Dashboard API v3.0.0
2026-03-23 11:41:10,519 | INFO | app.database.init_db | ✅ Database tables created / verified successfully
2026-03-23 11:41:10,520 | INFO | app.main | Database tables initialized
2026-03-23 11:41:10,658 | INFO | app.main | ✅ Application ready — debug=False scheduler=False
2026-03-23 11:41:13,371 | INFO | app.main | Application shutdown complete
2026-03-23 11:41:16,662 | INFO | app.core.logging_config | Logging configured — level=INFO file=logs/app.log
2026-03-23 11:41:16,844 | INFO | app.main | Starting GitLab KPI Dashboard API v3.0.0
2026-03-23 11:41:16,900 | INFO | app.database.init_db | ✅ Database tables created / verified successfully
2026-03-23 11:41:16,901 | INFO | app.main | Database tables initialized
2026-03-23 11:41:17,062 | INFO | app.main | ✅ Application ready — debug=False scheduler=False
2026-03-23 11:41:26,811 | INFO | app.main | Application shutdown complete
2026-03-23 11:41:29,412 | INFO | app.core.logging_config | Logging configured — level=INFO file=logs/app.log
2026-03-23 11:41:29,578 | INFO | app.main | Starting GitLab KPI Dashboard API v3.0.0
2026-03-23 11:41:29,647 | INFO | app.database.init_db | ✅ Database tables created / verified successfully
2026-03-23 11:41:29,647 | INFO | app.main | Database tables initialized
2026-03-23 11:41:29,827 | INFO | app.main | ✅ Application ready — debug=False scheduler=False
2026-03-23 11:41:39,068 | INFO | app.main | Application shutdown complete
2026-03-23 11:41:41,810 | INFO | app.core.logging_config | Logging configured — level=INFO file=logs/app.log
2026-03-23 11:41:42,004 | INFO | app.main | Starting GitLab KPI Dashboard API v3.0.0
2026-03-23 11:41:42,055 | INFO | app.database.init_db | ✅ Database tables created / verified successfully
2026-03-23 11:41:42,055 | INFO | app.main | Database tables initialized
2026-03-23 11:41:42,177 | INFO | app.main | ✅ Application ready — debug=False scheduler=False
2026-03-23 11:41:53,234 | INFO | app.main | Application shutdown complete
2026-03-23 11:41:55,758 | INFO | app.core.logging_config | Logging configured — level=INFO file=logs/app.log
2026-03-23 11:41:55,919 | INFO | app.main | Starting GitLab KPI Dashboard API v3.0.0
2026-03-23 11:41:55,971 | INFO | app.database.init_db | ✅ Database tables created / verified successfully
2026-03-23 11:41:55,971 | INFO | app.main | Database tables initialized
2026-03-23 11:41:56,086 | INFO | app.main | ✅ Application ready — debug=False scheduler=False
2026-03-23 11:42:14,473 | INFO | app.main | Application shutdown complete
2026-03-23 11:42:21,168 | INFO | app.core.logging_config | Logging configured — level=INFO file=logs/app.log
2026-03-23 11:42:21,416 | INFO | app.main | Starting GitLab KPI Dashboard API v3.0.0
2026-03-23 11:42:22,454 | INFO | app.database.init_db | ✅ Database tables created / verified successfully
2026-03-23 11:42:22,455 | INFO | app.main | Database tables initialized
2026-03-23 11:42:22,951 | INFO | app.main | ✅ Application ready — debug=False scheduler=False
2026-03-23 11:42:26,781 | INFO | app.main | Application shutdown complete
2026-03-23 11:42:30,377 | INFO | app.core.logging_config | Logging configured — level=INFO file=logs/app.log
2026-03-23 11:42:30,621 | INFO | app.main | Starting GitLab KPI Dashboard API v3.0.0
2026-03-23 11:42:30,678 | INFO | app.database.init_db | ✅ Database tables created / verified successfully
2026-03-23 11:42:30,678 | INFO | app.main | Database tables initialized
2026-03-23 11:42:30,823 | INFO | app.main | ✅ Application ready — debug=False scheduler=False
2026-03-23 11:43:30,528 | INFO | app.main | Application shutdown complete
2026-03-23 11:43:35,447 | INFO | app.core.logging_config | Logging configured — level=INFO file=logs/app.log
2026-03-23 11:43:35,794 | INFO | app.main | Starting GitLab KPI Dashboard API v3.0.0
2026-03-23 11:43:35,982 | INFO | app.database.init_db | ✅ Database tables created / verified successfully
2026-03-23 11:43:35,982 | INFO | app.main | Database tables initialized
2026-03-23 11:43:36,261 | INFO | app.main | ✅ Application ready — debug=False scheduler=False
2026-03-23 11:43:39,439 | INFO | app.core.logging_config | Logging configured — level=INFO file=logs/app.log
2026-03-23 11:43:39,630 | INFO | app.main | Starting GitLab KPI Dashboard API v3.0.0
2026-03-23 11:43:39,690 | INFO | app.database.init_db | ✅ Database tables created / verified successfully
2026-03-23 11:43:39,691 | INFO | app.main | Database tables initialized
2026-03-23 11:43:39,805 | INFO | app.main | ✅ Application ready — debug=False scheduler=False
2026-03-23 11:43:47,834 | INFO | app.main | Application shutdown complete
2026-03-23 11:43:50,247 | INFO | app.core.logging_config | Logging configured — level=INFO file=logs/app.log
2026-03-23 11:43:50,471 | INFO | app.main | Starting GitLab KPI Dashboard API v3.0.0
2026-03-23 11:43:50,534 | INFO | app.database.init_db | ✅ Database tables created / verified successfully
2026-03-23 11:43:50,534 | INFO | app.main | Database tables initialized
2026-03-23 11:43:50,669 | INFO | app.main | ✅ Application ready — debug=False scheduler=False
2026-03-23 11:44:03,908 | INFO | app.main | Application shutdown complete
2026-03-23 11:44:06,598 | INFO | app.core.logging_config | Logging configured — level=INFO file=logs/app.log
2026-03-23 11:44:06,790 | INFO | app.main | Starting GitLab KPI Dashboard API v3.0.0
2026-03-23 11:44:06,851 | INFO | app.database.init_db | ✅ Database tables created / verified successfully
2026-03-23 11:44:06,852 | INFO | app.main | Database tables initialized
2026-03-23 11:44:07,032 | INFO | app.main | ✅ Application ready — debug=False scheduler=False
2026-03-23 11:44:18,771 | INFO | app.main | Application shutdown complete
2026-03-23 11:44:21,440 | INFO | app.core.logging_config | Logging configured — level=INFO file=logs/app.log
2026-03-23 11:44:21,605 | INFO | app.main | Starting GitLab KPI Dashboard API v3.0.0
2026-03-23 11:44:21,652 | INFO | app.database.init_db | ✅ Database tables created / verified successfully
2026-03-23 11:44:21,653 | INFO | app.main | Database tables initialized
2026-03-23 11:44:21,756 | INFO | app.main | ✅ Application ready — debug=False scheduler=False
2026-03-23 11:44:27,374 | INFO | app.main | Application shutdown complete
2026-03-23 11:44:29,962 | INFO | app.core.logging_config | Logging configured — level=INFO file=logs/app.log
2026-03-23 11:44:30,199 | INFO | app.main | Starting GitLab KPI Dashboard API v3.0.0
2026-03-23 11:44:30,285 | INFO | app.database.init_db | ✅ Database tables created / verified successfully
2026-03-23 11:44:30,286 | INFO | app.main | Database tables initialized
2026-03-23 11:44:30,450 | INFO | app.main | ✅ Application ready — debug=False scheduler=False
2026-03-23 11:44:33,514 | INFO | app.core.logging_config | Logging configured — level=INFO file=logs/app.log
2026-03-23 11:44:33,705 | INFO | app.main | Starting GitLab KPI Dashboard API v3.0.0
2026-03-23 11:44:33,757 | INFO | app.database.init_db | ✅ Database tables created / verified successfully
2026-03-23 11:44:33,757 | INFO | app.main | Database tables initialized
2026-03-23 11:44:33,920 | INFO | app.main | ✅ Application ready — debug=False scheduler=False
2026-03-23 11:44:38,836 | INFO | app.main | Application shutdown complete
